<?xml version="1.0" encoding="UTF-8"?>
<!-- Generated by org.testng.reporters.JUnitReportReporter -->
<testsuite hostname="Admin" failures="0" tests="3" name="com.facebook.tests.TestNgDataProviderAnnotation" time="61.996" errors="0" timestamp="2023-09-02T13:57:53 IST" skipped="0">
  <testcase classname="com.facebook.tests.TestNgDataProviderAnnotation" name="enterData" time="19.766"/>
  <system-out/>
  <testcase classname="com.facebook.tests.TestNgDataProviderAnnotation" name="enterData" time="20.627"/>
  <system-out/>
  <testcase classname="com.facebook.tests.TestNgDataProviderAnnotation" name="enterData" time="21.603"/>
  <system-out/>
</testsuite> <!-- com.facebook.tests.TestNgDataProviderAnnotation -->
