<?xml version="1.0" encoding="UTF-8"?>
<!-- Generated by org.testng.reporters.JUnitReportReporter -->
<testsuite hostname="Admin" failures="0" tests="1" name="com.facebook.tests.practice" time="0.062" errors="0" timestamp="2023-08-25T21:02:02 IST" skipped="0">
  <testcase classname="com.facebook.tests.practice" name="filePractice" time="0.062"/>
  <system-out/>
</testsuite> <!-- com.facebook.tests.practice -->
