<?xml version="1.0" encoding="UTF-8"?>
<!-- Generated by org.testng.reporters.JUnitReportReporter -->
<testsuite hostname="Admin" failures="0" tests="3" name="com.facebook.tests.TestNgDataProviderAnnotation" time="62.320" errors="0" timestamp="2023-09-02T14:04:06 IST" skipped="0">
  <testcase classname="com.facebook.tests.TestNgDataProviderAnnotation" name="enterData" time="19.120"/>
  <system-out/>
  <testcase classname="com.facebook.tests.TestNgDataProviderAnnotation" name="enterData" time="20.107"/>
  <system-out/>
  <testcase classname="com.facebook.tests.TestNgDataProviderAnnotation" name="enterData" time="23.093"/>
  <system-out/>
</testsuite> <!-- com.facebook.tests.TestNgDataProviderAnnotation -->
